
The following files have been resolved:
   com.fasterxml.jackson.datatype:jackson-datatype-jsr310:jar:2.13.1:compile
   net.bytebuddy:byte-buddy:jar:1.11.22:compile
   org.springframework:spring-core:jar:5.3.16:compile
   org.jboss.logging:jboss-logging:jar:3.4.3.Final:compile
   org.springframework:spring-aspects:jar:5.3.16:compile
   org.springframework.boot:spring-boot-starter:jar:2.6.4:compile
   org.springframework:spring-context:jar:5.3.16:compile
   org.springframework:spring-webmvc:jar:5.3.16:compile
   org.springframework:spring-tx:jar:5.3.16:compile
   org.slf4j:slf4j-api:jar:1.7.36:compile
   ch.qos.logback:logback-classic:jar:1.2.10:compile
   org.springframework:spring-orm:jar:5.3.16:compile
   org.springframework.boot:spring-boot-starter-tomcat:jar:2.6.4:compile
   jakarta.persistence:jakarta.persistence-api:jar:2.2.3:compile
   antlr:antlr:jar:2.7.7:compile
   jakarta.annotation:jakarta.annotation-api:jar:1.3.5:compile
   org.springframework.boot:spring-boot-autoconfigure:jar:2.6.4:compile
   com.sun.istack:istack-commons-runtime:jar:3.0.12:compile
   com.fasterxml.jackson.core:jackson-databind:jar:2.13.1:compile
   jakarta.activation:jakarta.activation-api:jar:1.2.2:compile
   org.springframework:spring-jcl:jar:5.3.16:compile
   com.fasterxml.jackson.core:jackson-annotations:jar:2.13.1:compile
   io.jsonwebtoken:jjwt:jar:0.9.1:compile
   org.springframework.boot:spring-boot-starter-logging:jar:2.6.4:compile
   org.glassfish.jaxb:jaxb-runtime:jar:2.3.6:compile
   org.springframework:spring-aop:jar:5.3.16:compile
   org.springframework.boot:spring-boot-starter-aop:jar:2.6.4:compile
   jakarta.xml.bind:jakarta.xml.bind-api:jar:2.3.3:compile
   org.springframework.boot:spring-boot-starter-jdbc:jar:2.6.4:compile
   org.springframework:spring-beans:jar:5.3.16:compile
   org.springframework.boot:spring-boot-starter-json:jar:2.6.4:compile
   com.fasterxml.jackson.core:jackson-core:jar:2.13.1:compile
   com.sun.activation:jakarta.activation:jar:1.2.2:runtime
   org.springframework.boot:spring-boot:jar:2.6.4:compile
   jakarta.transaction:jakarta.transaction-api:jar:1.3.3:compile
   com.bugsnag:bugsnag:jar:3.6.3:compile
   ch.qos.logback:logback-core:jar:1.2.10:compile
   org.apache.logging.log4j:log4j-to-slf4j:jar:2.17.1:compile
   org.springframework:spring-expression:jar:5.3.16:compile
   mysql:mysql-connector-java:jar:8.0.28:compile
   org.springframework.boot:spring-boot-starter-web:jar:2.6.7:compile
   org.springframework:spring-jdbc:jar:5.3.16:compile
   org.yaml:snakeyaml:jar:1.29:compile
   com.fasterxml.jackson.datatype:jackson-datatype-jdk8:jar:2.13.1:compile
   org.aspectj:aspectjweaver:jar:1.9.7:compile
   org.slf4j:jul-to-slf4j:jar:1.7.36:compile
   org.apache.logging.log4j:log4j-api:jar:2.17.1:compile
   org.hibernate:hibernate-core:jar:5.6.5.Final:compile
   org.springframework:spring-web:jar:5.3.16:compile
   com.bugsnag:bugsnag-spring:jar:3.6.3:compile
   org.hibernate.common:hibernate-commons-annotations:jar:5.1.2.Final:compile
   org.springframework.data:spring-data-commons:jar:2.6.2:compile
   org.springframework.boot:spring-boot-starter-data-jpa:jar:2.6.7:compile
   org.apache.tomcat.embed:tomcat-embed-core:jar:9.0.58:compile
   org.apache.tomcat.embed:tomcat-embed-el:jar:9.0.58:compile
   org.jboss:jandex:jar:2.4.2.Final:compile
   com.zaxxer:HikariCP:jar:4.0.3:compile
   org.springframework.data:spring-data-jpa:jar:2.6.2:compile
   com.fasterxml.jackson.module:jackson-module-parameter-names:jar:2.13.1:compile
   org.glassfish.jaxb:txw2:jar:2.3.6:compile
   com.fasterxml:classmate:jar:1.5.1:compile
   org.apache.tomcat.embed:tomcat-embed-websocket:jar:9.0.58:compile

